17:57:23 (30447) INFO ConfigReader No config file specified. Running with command line arguments.
17:57:23 (30447) DEBUG BroadcastReporter Broadcasting to reporters ["progress","clear-text"]
17:57:23 (30447) INFO ConfigReader Use `stryker init` command to generate your config file.
17:57:23 (30447) DEBUG PluginLoader Loading stryker-* from /home/akelkordy/.npm/_npx/49301fa88e4fa3d5/node_modules
17:57:23 (30447) DEBUG PluginLoader Expression stryker-* not resulted in plugins to load
17:57:23 (30447) DEBUG PluginLoader Loading plugins /home/akelkordy/.npm/_npx/49301fa88e4fa3d5/node_modules/stryker/src/reporters/index.js
17:57:23 (30447) DEBUG PluginLoader Loading plugins /home/akelkordy/.npm/_npx/49301fa88e4fa3d5/node_modules/stryker/src/mutators/index.js
17:57:24 (30447) WARN InputFileResolver No files marked to be mutated, Stryker will perform a dry-run without actually mutating anything. You can configure the `mutate` property in your stryker.conf.js file (or use `--mutate` via command line).
17:57:24 (30447) DEBUG InputFileResolver All input files: [
  "/mnt/c/Users/ahmed/Code/cs156/team03-w22-6pm-2/stryker.log",
  "/mnt/c/Users/ahmed/Code/cs156/team03-w22-6pm-2/.devcontainer.json",
  "/mnt/c/Users/ahmed/Code/cs156/team03-w22-6pm-2/.env.SAMPLE",
  "/mnt/c/Users/ahmed/Code/cs156/team03-w22-6pm-2/.github/workflows/00-publish-00-docs-to-github-pages-setup.yml",
  "/mnt/c/Users/ahmed/Code/cs156/team03-w22-6pm-2/.github/workflows/00-publish-01-docs-to-github-pages-qa.yml",
  "/mnt/c/Users/ahmed/Code/cs156/team03-w22-6pm-2/.github/workflows/00-publish-02-docs-to-github-pages.yml",
  "/mnt/c/Users/ahmed/Code/cs156/team03-w22-6pm-2/.github/workflows/00-publish-99-clean-up-docs-qa.yml",
  "/mnt/c/Users/ahmed/Code/cs156/team03-w22-6pm-2/.github/workflows/000-CREATE-ISSUES.yml",
  "/mnt/c/Users/ahmed/Code/cs156/team03-w22-6pm-2/.github/workflows/01-backend-01-unit.yml",
  "/mnt/c/Users/ahmed/Code/cs156/team03-w22-6pm-2/.github/workflows/01-backend-02-jacoco.yml",
  "/mnt/c/Users/ahmed/Code/cs156/team03-w22-6pm-2/.github/workflows/01-backend-03-pitest.yml",
  "/mnt/c/Users/ahmed/Code/cs156/team03-w22-6pm-2/.github/workflows/02-frontend-01-tests.yml",
  "/mnt/c/Users/ahmed/Code/cs156/team03-w22-6pm-2/.github/workflows/02-frontend-02-coverage.yml",
  "/mnt/c/Users/ahmed/Code/cs156/team03-w22-6pm-2/.github/workflows/02-frontend-03-mutation-testing.yml",
  "/mnt/c/Users/ahmed/Code/cs156/team03-w22-6pm-2/.github/workflows/03-check-production-build.yml",
  "/mnt/c/Users/ahmed/Code/cs156/team03-w22-6pm-2/.gitignore",
  "/mnt/c/Users/ahmed/Code/cs156/team03-w22-6pm-2/Dockerfile",
  "/mnt/c/Users/ahmed/Code/cs156/team03-w22-6pm-2/README.md",
  "/mnt/c/Users/ahmed/Code/cs156/team03-w22-6pm-2/dev_environment",
  "/mnt/c/Users/ahmed/Code/cs156/team03-w22-6pm-2/docs/environment-variables.md",
  "/mnt/c/Users/ahmed/Code/cs156/team03-w22-6pm-2/docs/github-actions.md",
  "/mnt/c/Users/ahmed/Code/cs156/team03-w22-6pm-2/docs/h2-database.md",
  "/mnt/c/Users/ahmed/Code/cs156/team03-w22-6pm-2/docs/mongodb.md",
  "/mnt/c/Users/ahmed/Code/cs156/team03-w22-6pm-2/docs/oauth.md",
  "/mnt/c/Users/ahmed/Code/cs156/team03-w22-6pm-2/docs/storybook.md",
  "/mnt/c/Users/ahmed/Code/cs156/team03-w22-6pm-2/frontend/.babelrc",
  "/mnt/c/Users/ahmed/Code/cs156/team03-w22-6pm-2/frontend/.env-cmdrc.json",
  "/mnt/c/Users/ahmed/Code/cs156/team03-w22-6pm-2/frontend/.eslintignore",
  "/mnt/c/Users/ahmed/Code/cs156/team03-w22-6pm-2/frontend/.gitignore",
  "/mnt/c/Users/ahmed/Code/cs156/team03-w22-6pm-2/frontend/.storybook/main.js",
  "/mnt/c/Users/ahmed/Code/cs156/team03-w22-6pm-2/frontend/.storybook/preview.js",
  "/mnt/c/Users/ahmed/Code/cs156/team03-w22-6pm-2/frontend/.storybook/webpack-plugin-fail-build-on-warning.js",
  "/mnt/c/Users/ahmed/Code/cs156/team03-w22-6pm-2/frontend/README.md",
  "/mnt/c/Users/ahmed/Code/cs156/team03-w22-6pm-2/frontend/docs-index/_config.yml",
  "/mnt/c/Users/ahmed/Code/cs156/team03-w22-6pm-2/frontend/docs-index/_layouts/default.html",
  "/mnt/c/Users/ahmed/Code/cs156/team03-w22-6pm-2/frontend/docs-index/index.md",
  "/mnt/c/Users/ahmed/Code/cs156/team03-w22-6pm-2/frontend/docs-qa-index/_branches/.keep",
  "/mnt/c/Users/ahmed/Code/cs156/team03-w22-6pm-2/frontend/docs-qa-index/_config.yml",
  "/mnt/c/Users/ahmed/Code/cs156/team03-w22-6pm-2/frontend/docs-qa-index/_layouts/default.html",
  "/mnt/c/Users/ahmed/Code/cs156/team03-w22-6pm-2/frontend/docs-qa-index/index.md",
  "/mnt/c/Users/ahmed/Code/cs156/team03-w22-6pm-2/frontend/jsconfig.json",
  "/mnt/c/Users/ahmed/Code/cs156/team03-w22-6pm-2/frontend/package-lock.json",
  "/mnt/c/Users/ahmed/Code/cs156/team03-w22-6pm-2/frontend/package.json",
  "/mnt/c/Users/ahmed/Code/cs156/team03-w22-6pm-2/frontend/public/favicon.ico",
  "/mnt/c/Users/ahmed/Code/cs156/team03-w22-6pm-2/frontend/public/index.html",
  "/mnt/c/Users/ahmed/Code/cs156/team03-w22-6pm-2/frontend/public/logo192.png",
  "/mnt/c/Users/ahmed/Code/cs156/team03-w22-6pm-2/frontend/public/logo512.png",
  "/mnt/c/Users/ahmed/Code/cs156/team03-w22-6pm-2/frontend/public/manifest.json",
  "/mnt/c/Users/ahmed/Code/cs156/team03-w22-6pm-2/frontend/public/robots.txt",
  "/mnt/c/Users/ahmed/Code/cs156/team03-w22-6pm-2/frontend/src/App.js",
  "/mnt/c/Users/ahmed/Code/cs156/team03-w22-6pm-2/frontend/src/fixtures/collegiateSubredditsFixtures.js",
  "/mnt/c/Users/ahmed/Code/cs156/team03-w22-6pm-2/frontend/src/fixtures/currentUserFixtures.js",
  "/mnt/c/Users/ahmed/Code/cs156/team03-w22-6pm-2/frontend/src/fixtures/studentFixtures.js",
  "/mnt/c/Users/ahmed/Code/cs156/team03-w22-6pm-2/frontend/src/fixtures/systemInfoFixtures.js",
  "/mnt/c/Users/ahmed/Code/cs156/team03-w22-6pm-2/frontend/src/fixtures/temp.json",
  "/mnt/c/Users/ahmed/Code/cs156/team03-w22-6pm-2/frontend/src/fixtures/ucsbDatesFixtures.js",
  "/mnt/c/Users/ahmed/Code/cs156/team03-w22-6pm-2/frontend/src/fixtures/usersFixtures.js",
  "/mnt/c/Users/ahmed/Code/cs156/team03-w22-6pm-2/frontend/src/index.css",
  "/mnt/c/Users/ahmed/Code/cs156/team03-w22-6pm-2/frontend/src/index.js",
  "/mnt/c/Users/ahmed/Code/cs156/team03-w22-6pm-2/frontend/src/main/components/CollegiateSubreddits/CollegiateSubredditsTable.js",
  "/mnt/c/Users/ahmed/Code/cs156/team03-w22-6pm-2/frontend/src/main/components/Nav/AppNavbar.js",
  "/mnt/c/Users/ahmed/Code/cs156/team03-w22-6pm-2/frontend/src/main/components/Nav/AppNavbarLocalhost.js",
  "/mnt/c/Users/ahmed/Code/cs156/team03-w22-6pm-2/frontend/src/main/components/Nav/Footer.js",
  "/mnt/c/Users/ahmed/Code/cs156/team03-w22-6pm-2/frontend/src/main/components/OurTable.js",
  "/mnt/c/Users/ahmed/Code/cs156/team03-w22-6pm-2/frontend/src/main/components/Profile/RoleBadge.js",
  "/mnt/c/Users/ahmed/Code/cs156/team03-w22-6pm-2/frontend/src/main/components/Students/StudentsTable.js",
  "/mnt/c/Users/ahmed/Code/cs156/team03-w22-6pm-2/frontend/src/main/components/UCSBDates/UCSBDateForm.js",
  "/mnt/c/Users/ahmed/Code/cs156/team03-w22-6pm-2/frontend/src/main/components/UCSBDates/UCSBDatesTable.js",
  "/mnt/c/Users/ahmed/Code/cs156/team03-w22-6pm-2/frontend/src/main/components/Users/UsersTable.js",
  "/mnt/c/Users/ahmed/Code/cs156/team03-w22-6pm-2/frontend/src/main/layouts/BasicLayout/BasicLayout.js",
  "/mnt/c/Users/ahmed/Code/cs156/team03-w22-6pm-2/frontend/src/main/pages/AdminUsersPage.js",
  "/mnt/c/Users/ahmed/Code/cs156/team03-w22-6pm-2/frontend/src/main/pages/CollegiateSubreddits/CollegiateSubredditsCreatePage.js",
  "/mnt/c/Users/ahmed/Code/cs156/team03-w22-6pm-2/frontend/src/main/pages/CollegiateSubreddits/CollegiateSubredditsIndexPage.js",
  "/mnt/c/Users/ahmed/Code/cs156/team03-w22-6pm-2/frontend/src/main/pages/Earthquakes/EarthquakeCreatePage.js",
  "/mnt/c/Users/ahmed/Code/cs156/team03-w22-6pm-2/frontend/src/main/pages/Earthquakes/EarthquakeIndexPage.js",
  "/mnt/c/Users/ahmed/Code/cs156/team03-w22-6pm-2/frontend/src/main/pages/HomePage.js",
  "/mnt/c/Users/ahmed/Code/cs156/team03-w22-6pm-2/frontend/src/main/pages/ProfilePage.js",
  "/mnt/c/Users/ahmed/Code/cs156/team03-w22-6pm-2/frontend/src/main/pages/Students/StudentsCreatePage.js",
  "/mnt/c/Users/ahmed/Code/cs156/team03-w22-6pm-2/frontend/src/main/pages/Students/StudentsIndexPage.js",
  "/mnt/c/Users/ahmed/Code/cs156/team03-w22-6pm-2/frontend/src/main/pages/Todos/TodosCreatePage.js",
  "/mnt/c/Users/ahmed/Code/cs156/team03-w22-6pm-2/frontend/src/main/pages/Todos/TodosEditPage.js",
  "/mnt/c/Users/ahmed/Code/cs156/team03-w22-6pm-2/frontend/src/main/pages/Todos/TodosIndexPage.js",
  "/mnt/c/Users/ahmed/Code/cs156/team03-w22-6pm-2/frontend/src/main/pages/UCSBDates/UCSBDatesCreatePage.js",
  "/mnt/c/Users/ahmed/Code/cs156/team03-w22-6pm-2/frontend/src/main/pages/UCSBDates/UCSBDatesEditPage.js",
  "/mnt/c/Users/ahmed/Code/cs156/team03-w22-6pm-2/frontend/src/main/pages/UCSBDates/UCSBDatesIndexPage.js",
  "/mnt/c/Users/ahmed/Code/cs156/team03-w22-6pm-2/frontend/src/main/utils/CollegiateSubredditsUtils.js",
  "/mnt/c/Users/ahmed/Code/cs156/team03-w22-6pm-2/frontend/src/main/utils/UCSBDateUtils.js",
  "/mnt/c/Users/ahmed/Code/cs156/team03-w22-6pm-2/frontend/src/main/utils/arrayUtils.js",
  "/mnt/c/Users/ahmed/Code/cs156/team03-w22-6pm-2/frontend/src/main/utils/currentUser.js",
  "/mnt/c/Users/ahmed/Code/cs156/team03-w22-6pm-2/frontend/src/main/utils/minMax_NoStryker.js",
  "/mnt/c/Users/ahmed/Code/cs156/team03-w22-6pm-2/frontend/src/main/utils/systemInfo.js",
  "/mnt/c/Users/ahmed/Code/cs156/team03-w22-6pm-2/frontend/src/main/utils/useBackend.js",
  "/mnt/c/Users/ahmed/Code/cs156/team03-w22-6pm-2/frontend/src/reportWebVitals.js",
  "/mnt/c/Users/ahmed/Code/cs156/team03-w22-6pm-2/frontend/src/setupTests.js",
  "/mnt/c/Users/ahmed/Code/cs156/team03-w22-6pm-2/frontend/src/stories/components/CollegiateSubreddits/CollegiateSubredditsTable.stories.js",
  "/mnt/c/Users/ahmed/Code/cs156/team03-w22-6pm-2/frontend/src/stories/components/Nav/AppNavbar.stories.js",
  "/mnt/c/Users/ahmed/Code/cs156/team03-w22-6pm-2/frontend/src/stories/components/Nav/AppNavbarLocalhost.stories.js",
  "/mnt/c/Users/ahmed/Code/cs156/team03-w22-6pm-2/frontend/src/stories/components/OurTable.stories.js",
  "/mnt/c/Users/ahmed/Code/cs156/team03-w22-6pm-2/frontend/src/stories/components/Profile/RoleBadge.stories.js",
  "/mnt/c/Users/ahmed/Code/cs156/team03-w22-6pm-2/frontend/src/stories/components/Students/StudentsTable.stories.js",
  "/mnt/c/Users/ahmed/Code/cs156/team03-w22-6pm-2/frontend/src/stories/components/UCSBDates/UCSBDateForm.stories.js",
  "/mnt/c/Users/ahmed/Code/cs156/team03-w22-6pm-2/frontend/src/stories/components/UCSBDates/UCSBDatesTable.stories.js",
  "/mnt/c/Users/ahmed/Code/cs156/team03-w22-6pm-2/frontend/src/stories/components/Users/UsersTable.stories.js",
  "/mnt/c/Users/ahmed/Code/cs156/team03-w22-6pm-2/frontend/src/stories/layouts/BasicLayout/AppNavbar.stories.js",
  "/mnt/c/Users/ahmed/Code/cs156/team03-w22-6pm-2/frontend/src/stories/layouts/BasicLayout/BasicLayout.stories.js",
  "/mnt/c/Users/ahmed/Code/cs156/team03-w22-6pm-2/frontend/src/stories/layouts/BasicLayout/Footer.stories.js",
  "/mnt/c/Users/ahmed/Code/cs156/team03-w22-6pm-2/frontend/src/stories/pages/HomePage/HomePage.stories.js",
  "/mnt/c/Users/ahmed/Code/cs156/team03-w22-6pm-2/frontend/src/stories/pages/UCSBDates/UCSBDatesCreatePage.stories.js",
  "/mnt/c/Users/ahmed/Code/cs156/team03-w22-6pm-2/frontend/src/stories/pages/UCSBDates/UCSBDatesEditPage.stories.js",
  "/mnt/c/Users/ahmed/Code/cs156/team03-w22-6pm-2/frontend/src/stories/pages/UCSBDates/UCSBDatesIndexPage.stories.js",
  "/mnt/c/Users/ahmed/Code/cs156/team03-w22-6pm-2/frontend/src/tests/components/CollegiateSubreddits/CollegiateSubredditsTable.test.js",
  "/mnt/c/Users/ahmed/Code/cs156/team03-w22-6pm-2/frontend/src/tests/components/Nav/AppNavbar.test.js",
  "/mnt/c/Users/ahmed/Code/cs156/team03-w22-6pm-2/frontend/src/tests/components/Nav/AppNavbarLocalhost.test.js",
  "/mnt/c/Users/ahmed/Code/cs156/team03-w22-6pm-2/frontend/src/tests/components/Nav/Footer.test.js",
  "/mnt/c/Users/ahmed/Code/cs156/team03-w22-6pm-2/frontend/src/tests/components/OurTable.test.js",
  "/mnt/c/Users/ahmed/Code/cs156/team03-w22-6pm-2/frontend/src/tests/components/Profile/RoleBadge.test.js",
  "/mnt/c/Users/ahmed/Code/cs156/team03-w22-6pm-2/frontend/src/tests/components/Students/StudentsTable.test.js",
  "/mnt/c/Users/ahmed/Code/cs156/team03-w22-6pm-2/frontend/src/tests/components/UCSBDates/UCSBDateForm.test.js",
  "/mnt/c/Users/ahmed/Code/cs156/team03-w22-6pm-2/frontend/src/tests/components/UCSBDates/UCSBDatesTable.test.js",
  "/mnt/c/Users/ahmed/Code/cs156/team03-w22-6pm-2/frontend/src/tests/components/Users/UsersTable.test.js",
  "/mnt/c/Users/ahmed/Code/cs156/team03-w22-6pm-2/frontend/src/tests/pages/AdminUsersPage.test.js",
  "/mnt/c/Users/ahmed/Code/cs156/team03-w22-6pm-2/frontend/src/tests/pages/CollegiateSubreddits/CollegiateSubredditsCreatePage.test.js",
  "/mnt/c/Users/ahmed/Code/cs156/team03-w22-6pm-2/frontend/src/tests/pages/CollegiateSubreddits/CollegiateSubredditsIndexPage.test.js",
  "/mnt/c/Users/ahmed/Code/cs156/team03-w22-6pm-2/frontend/src/tests/pages/HomePage.test.js",
  "/mnt/c/Users/ahmed/Code/cs156/team03-w22-6pm-2/frontend/src/tests/pages/ProfilePage.test.js",
  "/mnt/c/Users/ahmed/Code/cs156/team03-w22-6pm-2/frontend/src/tests/pages/Students/StudentsCreatePage.test.js",
  "/mnt/c/Users/ahmed/Code/cs156/team03-w22-6pm-2/frontend/src/tests/pages/Students/StudentsIndexPage.test.js",
  "/mnt/c/Users/ahmed/Code/cs156/team03-w22-6pm-2/frontend/src/tests/pages/Todos/TodosCreatePage.test.js",
  "/mnt/c/Users/ahmed/Code/cs156/team03-w22-6pm-2/frontend/src/tests/pages/Todos/TodosEditPage.test.js",
  "/mnt/c/Users/ahmed/Code/cs156/team03-w22-6pm-2/frontend/src/tests/pages/Todos/TodosIndexPage.test.js",
  "/mnt/c/Users/ahmed/Code/cs156/team03-w22-6pm-2/frontend/src/tests/pages/UCSBDates/UCSBDatesCreatePage.test.js",
  "/mnt/c/Users/ahmed/Code/cs156/team03-w22-6pm-2/frontend/src/tests/pages/UCSBDates/UCSBDatesEditPage.test.js",
  "/mnt/c/Users/ahmed/Code/cs156/team03-w22-6pm-2/frontend/src/tests/pages/UCSBDates/UCSBDatesIndexPage.test.js",
  "/mnt/c/Users/ahmed/Code/cs156/team03-w22-6pm-2/frontend/src/tests/utils/CollegiateSubredditsUtils.test.js",
  "/mnt/c/Users/ahmed/Code/cs156/team03-w22-6pm-2/frontend/src/tests/utils/UCSBDateUtils.test.js",
  "/mnt/c/Users/ahmed/Code/cs156/team03-w22-6pm-2/frontend/src/tests/utils/arrayUtils.test.js",
  "/mnt/c/Users/ahmed/Code/cs156/team03-w22-6pm-2/frontend/src/tests/utils/currentUser.test.js",
  "/mnt/c/Users/ahmed/Code/cs156/team03-w22-6pm-2/frontend/src/tests/utils/minMax_NoStryker.test.js",
  "/mnt/c/Users/ahmed/Code/cs156/team03-w22-6pm-2/frontend/src/tests/utils/systemInfo.test.js",
  "/mnt/c/Users/ahmed/Code/cs156/team03-w22-6pm-2/frontend/src/tests/utils/useBackend.test.js",
  "/mnt/c/Users/ahmed/Code/cs156/team03-w22-6pm-2/frontend/stryker.conf.json",
  "/mnt/c/Users/ahmed/Code/cs156/team03-w22-6pm-2/issues/issue00_set_up_deployment_on_heroku.md",
  "/mnt/c/Users/ahmed/Code/cs156/team03-w22-6pm-2/issues/issue01_set_up_mongodb_instance.md",
  "/mnt/c/Users/ahmed/Code/cs156/team03-w22-6pm-2/issues/issue02_docs_and_docs_qa_repos_are_deployed.md",
  "/mnt/c/Users/ahmed/Code/cs156/team03-w22-6pm-2/issues/issue03_codecov_token.md",
  "/mnt/c/Users/ahmed/Code/cs156/team03-w22-6pm-2/issues/issue11_cr_menu_page_placeholders.md",
  "/mnt/c/Users/ahmed/Code/cs156/team03-w22-6pm-2/issues/issue12_cr_table_component.md",
  "/mnt/c/Users/ahmed/Code/cs156/team03-w22-6pm-2/issues/issue13_cr_list_page.md",
  "/mnt/c/Users/ahmed/Code/cs156/team03-w22-6pm-2/issues/issue14_cr_form.md",
  "/mnt/c/Users/ahmed/Code/cs156/team03-w22-6pm-2/issues/issue15_cr_create_page.md",
  "/mnt/c/Users/ahmed/Code/cs156/team03-w22-6pm-2/issues/issue16_cr_delete.md",
  "/mnt/c/Users/ahmed/Code/cs156/team03-w22-6pm-2/issues/issue17_cr_edit.md",
  "/mnt/c/Users/ahmed/Code/cs156/team03-w22-6pm-2/issues/issue31_us_menu_page_placeholders.md",
  "/mnt/c/Users/ahmed/Code/cs156/team03-w22-6pm-2/issues/issue32_us_table_component.md",
  "/mnt/c/Users/ahmed/Code/cs156/team03-w22-6pm-2/issues/issue33_us_list_page.md",
  "/mnt/c/Users/ahmed/Code/cs156/team03-w22-6pm-2/issues/issue34_us_form.md",
  "/mnt/c/Users/ahmed/Code/cs156/team03-w22-6pm-2/issues/issue35_us_create_page.md",
  "/mnt/c/Users/ahmed/Code/cs156/team03-w22-6pm-2/issues/issue36_us_delete.md",
  "/mnt/c/Users/ahmed/Code/cs156/team03-w22-6pm-2/issues/issue37_us_edit.md",
  "/mnt/c/Users/ahmed/Code/cs156/team03-w22-6pm-2/issues/issue51_add_earthquakes_service copy.md",
  "/mnt/c/Users/ahmed/Code/cs156/team03-w22-6pm-2/issues/issue52_eq_document_collection.md",
  "/mnt/c/Users/ahmed/Code/cs156/team03-w22-6pm-2/issues/issue53_eq_retrieve.md",
  "/mnt/c/Users/ahmed/Code/cs156/team03-w22-6pm-2/issues/issue54_eq_purge.md",
  "/mnt/c/Users/ahmed/Code/cs156/team03-w22-6pm-2/issues/issue55_eq_list.md",
  "/mnt/c/Users/ahmed/Code/cs156/team03-w22-6pm-2/issues/issue61_eq_menu_and_placeholders.md",
  "/mnt/c/Users/ahmed/Code/cs156/team03-w22-6pm-2/issues/issue62_eq_table_component.md",
  "/mnt/c/Users/ahmed/Code/cs156/team03-w22-6pm-2/issues/issue63_eq_list_page.md",
  "/mnt/c/Users/ahmed/Code/cs156/team03-w22-6pm-2/issues/issue64_eq_retrieve_form.md",
  "/mnt/c/Users/ahmed/Code/cs156/team03-w22-6pm-2/issues/issue65_eq_retrieve_page.md",
  "/mnt/c/Users/ahmed/Code/cs156/team03-w22-6pm-2/issues/issue66_eq_purge_button.md",
  "/mnt/c/Users/ahmed/Code/cs156/team03-w22-6pm-2/lombok.config",
  "/mnt/c/Users/ahmed/Code/cs156/team03-w22-6pm-2/pom.xml",
  "/mnt/c/Users/ahmed/Code/cs156/team03-w22-6pm-2/src/main/java/edu/ucsb/cs156/example/ExampleApplication.java",
  "/mnt/c/Users/ahmed/Code/cs156/team03-w22-6pm-2/src/main/java/edu/ucsb/cs156/example/aop/LoggingAspect.java",
  "/mnt/c/Users/ahmed/Code/cs156/team03-w22-6pm-2/src/main/java/edu/ucsb/cs156/example/collections/EarthquakesCollection.java",
  "/mnt/c/Users/ahmed/Code/cs156/team03-w22-6pm-2/src/main/java/edu/ucsb/cs156/example/collections/RedditPostsCollection.java",
  "/mnt/c/Users/ahmed/Code/cs156/team03-w22-6pm-2/src/main/java/edu/ucsb/cs156/example/collections/StudentCollection.java",
  "/mnt/c/Users/ahmed/Code/cs156/team03-w22-6pm-2/src/main/java/edu/ucsb/cs156/example/config/SecurityConfig.java",
  "/mnt/c/Users/ahmed/Code/cs156/team03-w22-6pm-2/src/main/java/edu/ucsb/cs156/example/config/SpringFoxConfig.java",
  "/mnt/c/Users/ahmed/Code/cs156/team03-w22-6pm-2/src/main/java/edu/ucsb/cs156/example/controllers/ApiController.java",
  "/mnt/c/Users/ahmed/Code/cs156/team03-w22-6pm-2/src/main/java/edu/ucsb/cs156/example/controllers/CSRFController.java",
  "/mnt/c/Users/ahmed/Code/cs156/team03-w22-6pm-2/src/main/java/edu/ucsb/cs156/example/controllers/EarthquakeController.java",
  "/mnt/c/Users/ahmed/Code/cs156/team03-w22-6pm-2/src/main/java/edu/ucsb/cs156/example/controllers/FrontendController.java",
  "/mnt/c/Users/ahmed/Code/cs156/team03-w22-6pm-2/src/main/java/edu/ucsb/cs156/example/controllers/FrontendProxyController.java",
  "/mnt/c/Users/ahmed/Code/cs156/team03-w22-6pm-2/src/main/java/edu/ucsb/cs156/example/controllers/RedditPostsController.java",
  "/mnt/c/Users/ahmed/Code/cs156/team03-w22-6pm-2/src/main/java/edu/ucsb/cs156/example/controllers/StudentsController.java",
  "/mnt/c/Users/ahmed/Code/cs156/team03-w22-6pm-2/src/main/java/edu/ucsb/cs156/example/controllers/SystemInfoController.java",
  "/mnt/c/Users/ahmed/Code/cs156/team03-w22-6pm-2/src/main/java/edu/ucsb/cs156/example/controllers/TodosController.java",
  "/mnt/c/Users/ahmed/Code/cs156/team03-w22-6pm-2/src/main/java/edu/ucsb/cs156/example/controllers/UCSBDatesController.java",
  "/mnt/c/Users/ahmed/Code/cs156/team03-w22-6pm-2/src/main/java/edu/ucsb/cs156/example/controllers/UserInfoController.java",
  "/mnt/c/Users/ahmed/Code/cs156/team03-w22-6pm-2/src/main/java/edu/ucsb/cs156/example/controllers/UsersController.java",
  "/mnt/c/Users/ahmed/Code/cs156/team03-w22-6pm-2/src/main/java/edu/ucsb/cs156/example/documents/EarthquakeFeature.java",
  "/mnt/c/Users/ahmed/Code/cs156/team03-w22-6pm-2/src/main/java/edu/ucsb/cs156/example/documents/EarthquakeFeatureCollection.java",
  "/mnt/c/Users/ahmed/Code/cs156/team03-w22-6pm-2/src/main/java/edu/ucsb/cs156/example/documents/EarthquakeFeatureProperties.java",
  "/mnt/c/Users/ahmed/Code/cs156/team03-w22-6pm-2/src/main/java/edu/ucsb/cs156/example/documents/EarthquakeMetadata.java",
  "/mnt/c/Users/ahmed/Code/cs156/team03-w22-6pm-2/src/main/java/edu/ucsb/cs156/example/documents/RedditFlair.java",
  "/mnt/c/Users/ahmed/Code/cs156/team03-w22-6pm-2/src/main/java/edu/ucsb/cs156/example/documents/RedditListing.java",
  "/mnt/c/Users/ahmed/Code/cs156/team03-w22-6pm-2/src/main/java/edu/ucsb/cs156/example/documents/RedditListingData.java",
  "/mnt/c/Users/ahmed/Code/cs156/team03-w22-6pm-2/src/main/java/edu/ucsb/cs156/example/documents/RedditPost.java",
  "/mnt/c/Users/ahmed/Code/cs156/team03-w22-6pm-2/src/main/java/edu/ucsb/cs156/example/documents/RedditT3.java",
  "/mnt/c/Users/ahmed/Code/cs156/team03-w22-6pm-2/src/main/java/edu/ucsb/cs156/example/documents/Student.java",
  "/mnt/c/Users/ahmed/Code/cs156/team03-w22-6pm-2/src/main/java/edu/ucsb/cs156/example/documents/test.json",
  "/mnt/c/Users/ahmed/Code/cs156/team03-w22-6pm-2/src/main/java/edu/ucsb/cs156/example/entities/Todo.java",
  "/mnt/c/Users/ahmed/Code/cs156/team03-w22-6pm-2/src/main/java/edu/ucsb/cs156/example/entities/UCSBDate.java",
  "/mnt/c/Users/ahmed/Code/cs156/team03-w22-6pm-2/src/main/java/edu/ucsb/cs156/example/entities/User.java",
  "/mnt/c/Users/ahmed/Code/cs156/team03-w22-6pm-2/src/main/java/edu/ucsb/cs156/example/errors/EntityNotFoundException.java",
  "/mnt/c/Users/ahmed/Code/cs156/team03-w22-6pm-2/src/main/java/edu/ucsb/cs156/example/models/CurrentUser.java",
  "/mnt/c/Users/ahmed/Code/cs156/team03-w22-6pm-2/src/main/java/edu/ucsb/cs156/example/models/SystemInfo.java",
  "/mnt/c/Users/ahmed/Code/cs156/team03-w22-6pm-2/src/main/java/edu/ucsb/cs156/example/repositories/TodoRepository.java",
  "/mnt/c/Users/ahmed/Code/cs156/team03-w22-6pm-2/src/main/java/edu/ucsb/cs156/example/repositories/UCSBDateRepository.java",
  "/mnt/c/Users/ahmed/Code/cs156/team03-w22-6pm-2/src/main/java/edu/ucsb/cs156/example/repositories/UserRepository.java",
  "/mnt/c/Users/ahmed/Code/cs156/team03-w22-6pm-2/src/main/java/edu/ucsb/cs156/example/services/CurrentUserService.java",
  "/mnt/c/Users/ahmed/Code/cs156/team03-w22-6pm-2/src/main/java/edu/ucsb/cs156/example/services/CurrentUserServiceImpl.java",
  "/mnt/c/Users/ahmed/Code/cs156/team03-w22-6pm-2/src/main/java/edu/ucsb/cs156/example/services/EarthquakeQueryService.java",
  "/mnt/c/Users/ahmed/Code/cs156/team03-w22-6pm-2/src/main/java/edu/ucsb/cs156/example/services/GrantedAuthoritiesService.java",
  "/mnt/c/Users/ahmed/Code/cs156/team03-w22-6pm-2/src/main/java/edu/ucsb/cs156/example/services/RedditPostService.java",
  "/mnt/c/Users/ahmed/Code/cs156/team03-w22-6pm-2/src/main/java/edu/ucsb/cs156/example/services/SystemInfoService.java",
  "/mnt/c/Users/ahmed/Code/cs156/team03-w22-6pm-2/src/main/java/edu/ucsb/cs156/example/services/SystemInfoServiceImpl.java",
  "/mnt/c/Users/ahmed/Code/cs156/team03-w22-6pm-2/src/main/resources/application-development.properties",
  "/mnt/c/Users/ahmed/Code/cs156/team03-w22-6pm-2/src/main/resources/application-production.properties",
  "/mnt/c/Users/ahmed/Code/cs156/team03-w22-6pm-2/src/main/resources/application.properties",
  "/mnt/c/Users/ahmed/Code/cs156/team03-w22-6pm-2/src/main/resources/db/migration/V4__Add_admin_to_users.sql",
  "/mnt/c/Users/ahmed/Code/cs156/team03-w22-6pm-2/src/test/java/edu/ucsb/cs156/example/ControllerTestCase.java",
  "/mnt/c/Users/ahmed/Code/cs156/team03-w22-6pm-2/src/test/java/edu/ucsb/cs156/example/controllers/CSRFControllerTests.java",
  "/mnt/c/Users/ahmed/Code/cs156/team03-w22-6pm-2/src/test/java/edu/ucsb/cs156/example/controllers/EarthquakeControllerTests.java",
  "/mnt/c/Users/ahmed/Code/cs156/team03-w22-6pm-2/src/test/java/edu/ucsb/cs156/example/controllers/RedditPostsControllerTests.java",
  "/mnt/c/Users/ahmed/Code/cs156/team03-w22-6pm-2/src/test/java/edu/ucsb/cs156/example/controllers/StudentsControllerTests.java",
  "/mnt/c/Users/ahmed/Code/cs156/team03-w22-6pm-2/src/test/java/edu/ucsb/cs156/example/controllers/SystemInfoControllerTests.java",
  "/mnt/c/Users/ahmed/Code/cs156/team03-w22-6pm-2/src/test/java/edu/ucsb/cs156/example/controllers/TodosControllerTests.java",
  "/mnt/c/Users/ahmed/Code/cs156/team03-w22-6pm-2/src/test/java/edu/ucsb/cs156/example/controllers/UCSBDatesControllerTests.java",
  "/mnt/c/Users/ahmed/Code/cs156/team03-w22-6pm-2/src/test/java/edu/ucsb/cs156/example/controllers/UserInfoControllerTests.java",
  "/mnt/c/Users/ahmed/Code/cs156/team03-w22-6pm-2/src/test/java/edu/ucsb/cs156/example/controllers/UsersControllerTests.java",
  "/mnt/c/Users/ahmed/Code/cs156/team03-w22-6pm-2/src/test/java/edu/ucsb/cs156/example/services/CurrentUserServiceTests.java",
  "/mnt/c/Users/ahmed/Code/cs156/team03-w22-6pm-2/src/test/java/edu/ucsb/cs156/example/services/EarthquakeQueryServiceTests.java",
  "/mnt/c/Users/ahmed/Code/cs156/team03-w22-6pm-2/src/test/java/edu/ucsb/cs156/example/services/GrantedAuthoritiesServiceTests.java",
  "/mnt/c/Users/ahmed/Code/cs156/team03-w22-6pm-2/src/test/java/edu/ucsb/cs156/example/services/RedditPostServiceTests.java",
  "/mnt/c/Users/ahmed/Code/cs156/team03-w22-6pm-2/src/test/java/edu/ucsb/cs156/example/services/SystemInfoServiceImplTests.java",
  "/mnt/c/Users/ahmed/Code/cs156/team03-w22-6pm-2/src/test/java/edu/ucsb/cs156/example/testconfig/MockCurrentUserServiceImpl.java",
  "/mnt/c/Users/ahmed/Code/cs156/team03-w22-6pm-2/src/test/java/edu/ucsb/cs156/example/testconfig/TestConfig.java",
  "/mnt/c/Users/ahmed/Code/cs156/team03-w22-6pm-2/system.properties"
]
17:57:24 (30447) DEBUG InputFileResolver Files to mutate: []
17:57:24 (30447) DEBUG TestFrameworkOrchestrator The `coverageAnalysis` setting is "off", not hooking into the test framework to achieve performance benefits.
17:57:24 (30447) INFO InitialTestExecutor Starting initial test run. This may take a while.
17:57:24 (30447) DEBUG Sandbox Creating a sandbox for files in /mnt/c/Users/ahmed/Code/cs156/team03-w22-6pm-2/.stryker-tmp/sandbox6822786
17:57:24 (30447) WARN Sandbox Could not find a node_modules folder to symlink into the sandbox directory. Search "/mnt/c/Users/ahmed/Code/cs156/team03-w22-6pm-2" and its parent directories
17:57:24 (30447) DEBUG Sandbox Creating test runner 0
17:57:24 (30447) DEBUG TimeoutDecorator Starting timeout timer (300000 ms) for a test run
17:57:25 (30447) ERROR InitialTestExecutor One or more tests failed in the initial test run:
	All tests
		npm
 
ERR! code ENOENT

npm
 ERR! syscall open

npm
 ERR! path /mnt/c/Users/ahmed/Code/cs156/team03-w22-6pm-2/.stryker-tmp/sandbox6822786/package.json

npm
 ERR! errno -2

npm
 ERR! enoent ENOENT: no such file or directory, open '/mnt/c/Users/ahmed/Code/cs156/team03-w22-6pm-2/.stryker-tmp/sandbox6822786/package.json'
npm ERR!
 enoent This is related to npm not being able to find a file.
npm ERR! enoent 



npm
 ERR! A complete log of this run can be found in:
npm ERR!     /home/akelkordy/.npm/_logs/2022-02-28T01_57_24_947Z-debug-0.log

